<?xml version="1.0" encoding="UTF-8"?>
<testsuite xmlns:xsi="http://www.w3.org/2001/XMLSchema-instance" xsi:noNamespaceSchemaLocation="https://maven.apache.org/surefire/maven-surefire-plugin/xsd/surefire-test-report.xsd" name="django.generator.AppTest" time="0.119" tests="1" errors="0" skipped="0" failures="0">
  <properties>
    <property name="java.specification.version" value="17"/>
    <property name="sun.jnu.encoding" value="UTF-8"/>
    <property name="java.class.path" value="/home/mamisoa/ITU/L3/Mr_Naina/crudgenerator/target/test-classes:/home/mamisoa/ITU/L3/Mr_Naina/crudgenerator/target/classes:/home/mamisoa/.m2/repository/junit/junit/4.11/junit-4.11.jar:/home/mamisoa/.m2/repository/org/hamcrest/hamcrest-core/1.3/hamcrest-core-1.3.jar:/home/mamisoa/.m2/repository/org/projectlombok/lombok/1.18.30/lombok-1.18.30.jar:/home/mamisoa/.m2/repository/com/google/code/gson/gson/2.10.1/gson-2.10.1.jar:/home/mamisoa/.m2/repository/org/postgresql/postgresql/42.7.0/postgresql-42.7.0.jar:/home/mamisoa/.m2/repository/org/checkerframework/checker-qual/3.31.0/checker-qual-3.31.0.jar:"/>
    <property name="java.vm.vendor" value="Debian"/>
    <property name="sun.arch.data.model" value="64"/>
    <property name="swing.aatext" value="true"/>
    <property name="java.vendor.url" value="https://tracker.debian.org/openjdk-17"/>
    <property name="os.name" value="Linux"/>
    <property name="java.vm.specification.version" value="17"/>
    <property name="sun.java.launcher" value="SUN_STANDARD"/>
    <property name="user.country" value="GB"/>
    <property name="sun.boot.library.path" value="/usr/lib/jvm/java-17-openjdk-amd64/lib"/>
    <property name="sun.java.command" value="/home/mamisoa/ITU/L3/Mr_Naina/crudgenerator/target/surefire/surefirebooter18094093617020900936.jar /home/mamisoa/ITU/L3/Mr_Naina/crudgenerator/target/surefire 2024-05-05T18-45-14_328-jvmRun1 surefire11090514779230870819tmp surefire_02897492954779082900tmp"/>
    <property name="jdk.debug" value="release"/>
    <property name="surefire.test.class.path" value="/home/mamisoa/ITU/L3/Mr_Naina/crudgenerator/target/test-classes:/home/mamisoa/ITU/L3/Mr_Naina/crudgenerator/target/classes:/home/mamisoa/.m2/repository/junit/junit/4.11/junit-4.11.jar:/home/mamisoa/.m2/repository/org/hamcrest/hamcrest-core/1.3/hamcrest-core-1.3.jar:/home/mamisoa/.m2/repository/org/projectlombok/lombok/1.18.30/lombok-1.18.30.jar:/home/mamisoa/.m2/repository/com/google/code/gson/gson/2.10.1/gson-2.10.1.jar:/home/mamisoa/.m2/repository/org/postgresql/postgresql/42.7.0/postgresql-42.7.0.jar:/home/mamisoa/.m2/repository/org/checkerframework/checker-qual/3.31.0/checker-qual-3.31.0.jar:"/>
    <property name="sun.cpu.endian" value="little"/>
    <property name="user.home" value="/home/mamisoa"/>
    <property name="user.language" value="en"/>
    <property name="java.specification.vendor" value="Oracle Corporation"/>
    <property name="java.version.date" value="2023-01-17"/>
    <property name="java.home" value="/usr/lib/jvm/java-17-openjdk-amd64"/>
    <property name="file.separator" value="/"/>
    <property name="basedir" value="/home/mamisoa/ITU/L3/Mr_Naina/crudgenerator"/>
    <property name="java.vm.compressedOopsMode" value="Zero based"/>
    <property name="line.separator" value="&#10;"/>
    <property name="java.specification.name" value="Java Platform API Specification"/>
    <property name="java.vm.specification.vendor" value="Oracle Corporation"/>
    <property name="surefire.real.class.path" value="/home/mamisoa/ITU/L3/Mr_Naina/crudgenerator/target/surefire/surefirebooter18094093617020900936.jar"/>
    <property name="awt.useSystemAAFontSettings" value="on"/>
    <property name="sun.management.compiler" value="HotSpot 64-Bit Tiered Compilers"/>
    <property name="java.runtime.version" value="17.0.6+10-Debian-1"/>
    <property name="user.name" value="mamisoa"/>
    <property name="path.separator" value=":"/>
    <property name="os.version" value="6.1.0-kali9-amd64"/>
    <property name="java.runtime.name" value="OpenJDK Runtime Environment"/>
    <property name="file.encoding" value="UTF-8"/>
    <property name="java.vm.name" value="OpenJDK 64-Bit Server VM"/>
    <property name="localRepository" value="/home/mamisoa/.m2/repository"/>
    <property name="java.vendor.url.bug" value="https://bugs.debian.org/openjdk-17"/>
    <property name="java.io.tmpdir" value="/tmp"/>
    <property name="java.version" value="17.0.6"/>
    <property name="user.dir" value="/home/mamisoa/ITU/L3/Mr_Naina/crudgenerator"/>
    <property name="os.arch" value="amd64"/>
    <property name="java.vm.specification.name" value="Java Virtual Machine Specification"/>
    <property name="native.encoding" value="UTF-8"/>
    <property name="java.library.path" value="/usr/java/packages/lib:/usr/lib/x86_64-linux-gnu/jni:/lib/x86_64-linux-gnu:/usr/lib/x86_64-linux-gnu:/usr/lib/jni:/lib:/usr/lib"/>
    <property name="java.vm.info" value="mixed mode, sharing"/>
    <property name="java.vendor" value="Debian"/>
    <property name="java.vm.version" value="17.0.6+10-Debian-1"/>
    <property name="sun.io.unicode.encoding" value="UnicodeLittle"/>
    <property name="java.class.version" value="61.0"/>
  </properties>
  <testcase name="shouldAnswerWithTrue" classname="django.generator.AppTest" time="0.005"/>
</testsuite>